\BOOKMARK [1][-]{section*.2}{\376\377\000L\000i\000s\000t\000\040\000o\000f\000\040\000A\000b\000b\000r\000e\000v\000i\000a\000t\000i\000o\000n\000s}{}% 1
\BOOKMARK [1][-]{section*.4}{\376\377\000V\000a\000r\000i\000a\000b\000l\000e\000\040\000D\000e\000f\000i\000n\000i\000t\000i\000o\000n\000s}{}% 2
\BOOKMARK [1][-]{section*.6}{\376\377\000L\000i\000s\000t\000\040\000o\000f\000\040\000T\000a\000b\000l\000e\000s}{}% 3
\BOOKMARK [1][-]{section*.7}{\376\377\000L\000i\000s\000t\000\040\000o\000f\000\040\000F\000i\000g\000u\000r\000e\000s}{}% 4
\BOOKMARK [1][-]{section*.8}{\376\377\000I\000n\000t\000r\000o\000d\000u\000c\000t\000i\000o\000n}{}% 5
\BOOKMARK [2][-]{section*.9}{\376\377\000t\000e\000s\000t\0001}{section*.8}% 6
\BOOKMARK [1][-]{section*.10}{\376\377\000M\000e\000t\000h\000o\000d\000s}{}% 7
\BOOKMARK [2][-]{section*.11}{\376\377\000t\000e\000s\000t\0001}{section*.10}% 8
\BOOKMARK [3][-]{section*.12}{\376\377\000t\000e\000s\000t\0002}{section*.11}% 9
\BOOKMARK [1][-]{section*.14}{\376\377\000R\000e\000s\000u\000l\000t\000s}{}% 10
\BOOKMARK [2][-]{section*.15}{\376\377\000t\000e\000s\000t\0001}{section*.14}% 11
\BOOKMARK [3][-]{section*.16}{\376\377\000t\000e\000s\000t\0002}{section*.15}% 12
\BOOKMARK [1][-]{section*.18}{\376\377\000D\000i\000s\000c\000u\000s\000s\000i\000o\000n}{}% 13
\BOOKMARK [2][-]{section*.19}{\376\377\000t\000e\000s\000t\0001}{section*.18}% 14
\BOOKMARK [3][-]{section*.20}{\376\377\000t\000e\000s\000t\0002}{section*.19}% 15
\BOOKMARK [1][-]{section*.22}{\376\377\000C\000o\000n\000c\000l\000u\000s\000i\000o\000n\000s}{}% 16
\BOOKMARK [2][-]{section*.23}{\376\377\000t\000e\000s\000t\0001}{section*.22}% 17
\BOOKMARK [3][-]{section*.24}{\376\377\000t\000e\000s\000t\0002}{section*.23}% 18
\BOOKMARK [1][-]{section*.29}{\376\377\000A\000p\000p\000e\000n\000d\000i\000x\000\040\000A}{}% 19
\BOOKMARK [2][-]{section*.30}{\376\377\000t\000e\000s\000t\0001}{section*.29}% 20
\BOOKMARK [3][-]{section*.31}{\376\377\000t\000e\000s\000t\0002}{section*.30}% 21
